<?xml version="1.0" encoding="UTF-8"?>
<!-- Generated by org.testng.reporters.JUnitXMLReporter -->
<testsuite ignored="0" hostname="Fargabs-MacBook-Pro.local" failures="1" tests="1" name="Validate login test" time="1.527" errors="0" timestamp="24 Nov 2023 14:45:57 GMT">
  <testcase classname="io.cucumber.testng.AbstractTestNGCucumberTests" name="runScenario" time="1.366">
    <failure type="org.openqa.selenium.NoSuchSessionException" message="Session ID is null. Using WebDriver after calling quit()?
Build info: version: &amp;apos;3.141.59&amp;apos;, revision: &amp;apos;e82be7d358&amp;apos;, time: &amp;apos;2018-11-14T08:17:03&amp;apos;
System info: host: &amp;apos;Fargabs-MacBook-Pro.local&amp;apos;, ip: &amp;apos;fe80:0:0:0:1442:8e66:c46a:c0ab%en0&amp;apos;, os.name: &amp;apos;Mac OS X&amp;apos;, os.arch: &amp;apos;aarch64&amp;apos;, os.version: &amp;apos;14.1.1&amp;apos;, java.version: &amp;apos;11.0.19&amp;apos;
Driver info: driver.version: RemoteWebDriver">
      <![CDATA[org.openqa.selenium.NoSuchSessionException: Session ID is null. Using WebDriver after calling quit()?
Build info: version: '3.141.59', revision: 'e82be7d358', time: '2018-11-14T08:17:03'
System info: host: 'Fargabs-MacBook-Pro.local', ip: 'fe80:0:0:0:1442:8e66:c46a:c0ab%en0', os.name: 'Mac OS X', os.arch: 'aarch64', os.version: '14.1.1', java.version: '11.0.19'
Driver info: driver.version: RemoteWebDriver
at org.openqa.selenium.remote.HttpCommandExecutor.execute(HttpCommandExecutor.java:125)
at org.openqa.selenium.remote.service.DriverCommandExecutor.execute(DriverCommandExecutor.java:83)
at org.openqa.selenium.remote.RemoteWebDriver.execute(RemoteWebDriver.java:552)
at org.openqa.selenium.remote.RemoteWebDriver.get(RemoteWebDriver.java:277)
at org.openqa.selenium.remote.RemoteWebDriver$RemoteNavigation.to(RemoteWebDriver.java:857)
at gobaltek.ny.stepdefintion.LoginStepdefintion.user_is_able_to_enter_the_url(LoginStepdefintion.java:26)
at ✽.User is able to enter the URL(file:///Users/fargabanik/eclipse-workspace/Automation_FramWork/./Features/Login.feature:6)
]]>
    </failure>
  </testcase> <!-- runScenario -->
</testsuite> <!-- Validate login test -->
